Arguments: 
  /usr/bin/node /usr/share/yarn/bin/yarn.js publish

PATH: 
  /home/publiclass1/bin:/home/publiclass1/.local/bin:/home/publiclass1/bin:/home/publiclass1/.local/bin:/usr/local/sbin:/usr/local/bin:/usr/sbin:/usr/bin:/sbin:/bin:/usr/games:/usr/local/games:/snap/bin:/snap/bin

Yarn version: 
  1.2.1

Node version: 
  8.9.0

Platform: 
  linux x64

npm manifest: 
  {
    "name": "mobx-rest-store",
    "version": "0.0.2-rc2",
    "description": "a mobx model and collection",
    "main": "build/index.js",
    "directories": {
      "src": "src"
    },
    "scripts": {
      "build": "npm run clean && npm run build:babel",
      "build:babel": "./node_modules/.bin/babel -d ./build ./src --ignore '**/__tests__/**'",
      "clean": "rimraf ./build",
      "test": "echo \"Error: no test specified\" && exit 1"
    },
    "repository": {
      "type": "git",
      "url": "git+https://github.com/publiclass1/mobx-rest-store.git"
    },
    "parser": "babel-eslint",
    "keywords": [
      "mobx",
      "model",
      "collection",
      "rest",
      "rest-model",
      "rest-collection"
    ],
    "author": "Ralph Menguito <publiclass1@gmail.com>",
    "license": "MIT",
    "bugs": {
      "url": "https://github.com/publiclass1/mobx-rest-store/issues"
    },
    "homepage": "https://github.com/publiclass1/mobx-rest-store#readme",
    "peerDependencies": {
      "mobx": "^3.2.0"
    },
    "devDependencies": {
      "babel-cli": "^6.26.0",
      "babel-core": "^6.26.0",
      "babel-eslint": "^8.0.2",
      "babel-plugin-transform-async-to-generator": "^6.24.1",
      "babel-plugin-transform-decorators-legacy": "^1.3.4",
      "babel-plugin-transform-runtime": "^6.23.0",
      "babel-polyfill": "^6.26.0",
      "babel-preset-es2015": "^6.24.1",
      "babel-preset-stage-1": "^6.24.1",
      "eslint": "^4.10.0",
      "eslint-config-standard": "^10.2.1",
      "eslint-plugin-import": "^2.8.0",
      "eslint-plugin-node": "^5.2.1",
      "eslint-plugin-promise": "^3.6.0",
      "eslint-plugin-standard": "^3.0.1",
      "mobx": "^3.3.1"
    },
    "dependencies": {
      "lodash": "^4.17.4",
      "rimraf": "^2.6.2",
      "uuid": "^3.1.0"
    }
  }

yarn manifest: 
  No manifest

Lockfile: 
  No lockfile

Trace: 
  Error: https://registry.yarnpkg.com/mobx-rest-store: You cannot publish over the previously published version 0.0.2-rc2.
      at Request.params.callback [as _callback] (/usr/share/yarn/lib/cli.js:62027:18)
      at Request.self.callback (/usr/share/yarn/lib/cli.js:123011:22)
      at emitTwo (events.js:126:13)
      at Request.emit (events.js:214:7)
      at Request.<anonymous> (/usr/share/yarn/lib/cli.js:123994:10)
      at emitOne (events.js:116:13)
      at Request.emit (events.js:211:7)
      at Gunzip.<anonymous> (/usr/share/yarn/lib/cli.js:123914:12)
      at Object.onceWrapper (events.js:313:30)
      at emitNone (events.js:111:20)
